<?xml version="1.0" encoding="UTF-8"?>
<!-- Generated by org.testng.reporters.JUnitReportReporter -->
<testsuite hostname="Rafal-VAIO" name="testSample" tests="2" failures="0" timestamp="4 Oct 2015 23:28:01 GMT" time="29.547" errors="0">
  <testcase name="testLogin" time="14.955" classname="testSample"/>
  <testcase name="testLogin" time="14.592" classname="testSample"/>
</testsuite> <!-- testSample -->
